<?xml version="1.0" encoding="UTF-8"?>
<!-- Generated by org.testng.reporters.JUnitXMLReporter -->
<testsuite ignored="0" hostname="administrator-H61MLV3" failures="1" tests="1" name="Default test" time="60.964" errors="0" timestamp="06 Feb 2020 05:58:00 GMT">
  <testcase classname="com.Directtest.baseclass" name="@AfterMethod endtest" time="0.023">
    <failure type="org.openqa.selenium.WebDriverException" message="chrome not reachable
  (Session info: chrome=79.0.3945.130)
Build info: version: &amp;apos;3.141.5&amp;apos;, revision: &amp;apos;d54ebd709a&amp;apos;, time: &amp;apos;2018-11-06T11:42:16&amp;apos;
System info: host: &amp;apos;administrator-H61MLV3&amp;apos;, ip: &amp;apos;127.0.1.1&amp;apos;, os.name: &amp;apos;Linux&amp;apos;, os.arch: &amp;apos;amd64&amp;apos;, os.version: &amp;apos;5.3.0-28-generic&amp;apos;, java.version: &amp;apos;11.0.6&amp;apos;
Driver info: org.openqa.selenium.chrome.ChromeDriver
Capabilities {acceptInsecureCerts: false, browserName: chrome, browserVersion: 79.0.3945.130, chrome: {chromedriverVersion: 79.0.3945.36 (3582db32b3389..., userDataDir: /tmp/.com.google.Chrome.0AfnEi}, goog:chromeOptions: {debuggerAddress: localhost:39183}, javascriptEnabled: true, networkConnectionEnabled: false, pageLoadStrategy: normal, platform: LINUX, platformName: LINUX, proxy: Proxy(), setWindowRect: true, strictFileInteractability: false, timeouts: {implicit: 0, pageLoad: 300000, script: 30000}, unhandledPromptBehavior: dismiss and notify}
Session ID: 364e70f87be9cfa629bef918bb133cf4">
      <![CDATA[org.openqa.selenium.WebDriverException: chrome not reachable
  (Session info: chrome=79.0.3945.130)
Build info: version: '3.141.5', revision: 'd54ebd709a', time: '2018-11-06T11:42:16'
System info: host: 'administrator-H61MLV3', ip: '127.0.1.1', os.name: 'Linux', os.arch: 'amd64', os.version: '5.3.0-28-generic', java.version: '11.0.6'
Driver info: org.openqa.selenium.chrome.ChromeDriver
Capabilities {acceptInsecureCerts: false, browserName: chrome, browserVersion: 79.0.3945.130, chrome: {chromedriverVersion: 79.0.3945.36 (3582db32b3389..., userDataDir: /tmp/.com.google.Chrome.0AfnEi}, goog:chromeOptions: {debuggerAddress: localhost:39183}, javascriptEnabled: true, networkConnectionEnabled: false, pageLoadStrategy: normal, platform: LINUX, platformName: LINUX, proxy: Proxy(), setWindowRect: true, strictFileInteractability: false, timeouts: {implicit: 0, pageLoad: 300000, script: 30000}, unhandledPromptBehavior: dismiss and notify}
Session ID: 364e70f87be9cfa629bef918bb133cf4
at java.base/jdk.internal.reflect.NativeConstructorAccessorImpl.newInstance0(Native Method)
at java.base/jdk.internal.reflect.NativeConstructorAccessorImpl.newInstance(NativeConstructorAccessorImpl.java:62)
at java.base/jdk.internal.reflect.DelegatingConstructorAccessorImpl.newInstance(DelegatingConstructorAccessorImpl.java:45)
at java.base/java.lang.reflect.Constructor.newInstance(Constructor.java:490)
at org.openqa.selenium.remote.http.W3CHttpResponseCodec.createException(W3CHttpResponseCodec.java:187)
at org.openqa.selenium.remote.http.W3CHttpResponseCodec.decode(W3CHttpResponseCodec.java:122)
at org.openqa.selenium.remote.http.W3CHttpResponseCodec.decode(W3CHttpResponseCodec.java:49)
at org.openqa.selenium.remote.HttpCommandExecutor.execute(HttpCommandExecutor.java:158)
at org.openqa.selenium.remote.service.DriverCommandExecutor.execute(DriverCommandExecutor.java:83)
at org.openqa.selenium.remote.RemoteWebDriver.execute(RemoteWebDriver.java:552)
at org.openqa.selenium.remote.RemoteWebDriver.execute(RemoteWebDriver.java:609)
at org.openqa.selenium.remote.RemoteWebDriver.getScreenshotAs(RemoteWebDriver.java:295)
at com.Directtest.baseclass$Utility.getScreenshot(baseclass.java:99)
at com.Directtest.baseclass.endtest(baseclass.java:48)
at java.base/jdk.internal.reflect.NativeMethodAccessorImpl.invoke0(Native Method)
at java.base/jdk.internal.reflect.NativeMethodAccessorImpl.invoke(NativeMethodAccessorImpl.java:62)
at java.base/jdk.internal.reflect.DelegatingMethodAccessorImpl.invoke(DelegatingMethodAccessorImpl.java:43)
at java.base/java.lang.reflect.Method.invoke(Method.java:566)
at org.testng.internal.MethodInvocationHelper.invokeMethod(MethodInvocationHelper.java:124)
at org.testng.internal.MethodInvocationHelper.invokeMethodConsideringTimeout(MethodInvocationHelper.java:59)
at org.testng.internal.Invoker.invokeConfigurationMethod(Invoker.java:458)
at org.testng.internal.Invoker.invokeConfigurations(Invoker.java:222)
at org.testng.internal.Invoker.invokeMethod(Invoker.java:646)
at org.testng.internal.Invoker.invokeTestMethod(Invoker.java:719)
at org.testng.internal.Invoker.invokeTestMethods(Invoker.java:989)
at org.testng.internal.TestMethodWorker.invokeTestMethods(TestMethodWorker.java:125)
at org.testng.internal.TestMethodWorker.run(TestMethodWorker.java:109)
at org.testng.TestRunner.privateRun(TestRunner.java:648)
at org.testng.TestRunner.run(TestRunner.java:505)
at org.testng.SuiteRunner.runTest(SuiteRunner.java:455)
at org.testng.SuiteRunner.runSequentially(SuiteRunner.java:450)
at org.testng.SuiteRunner.privateRun(SuiteRunner.java:415)
at org.testng.SuiteRunner.run(SuiteRunner.java:364)
at org.testng.SuiteRunnerWorker.runSuite(SuiteRunnerWorker.java:52)
at org.testng.SuiteRunnerWorker.run(SuiteRunnerWorker.java:84)
at org.testng.TestNG.runSuitesSequentially(TestNG.java:1208)
at org.testng.TestNG.runSuitesLocally(TestNG.java:1137)
at org.testng.TestNG.runSuites(TestNG.java:1049)
at org.testng.TestNG.run(TestNG.java:1017)
at org.testng.remote.AbstractRemoteTestNG.run(AbstractRemoteTestNG.java:115)
at org.testng.remote.RemoteTestNG.initAndRun(RemoteTestNG.java:251)
at org.testng.remote.RemoteTestNG.main(RemoteTestNG.java:77)
]]>
    </failure>
  </testcase> <!-- @AfterMethod endtest -->
  <testcase classname="DataDriven.change_password" name="tc_1" time="59.066">
    <failure type="javax.xml.parsers.FactoryConfigurationError" message="Provider for class javax.xml.parsers.SAXParserFactory cannot be created">
      <![CDATA[javax.xml.parsers.FactoryConfigurationError: Provider for class javax.xml.parsers.SAXParserFactory cannot be created
at java.xml/javax.xml.parsers.FactoryFinder.findServiceProvider(FactoryFinder.java:305)
at java.xml/javax.xml.parsers.FactoryFinder.find(FactoryFinder.java:261)
at java.xml/javax.xml.parsers.SAXParserFactory.newInstance(SAXParserFactory.java:147)
at org.apache.xmlbeans.impl.common.SAXHelper.saxFactory(SAXHelper.java:66)
at org.apache.xmlbeans.impl.common.SAXHelper.newXMLReader(SAXHelper.java:46)
at org.apache.xmlbeans.impl.store.Locale.getSaxLoader(Locale.java:3066)
at org.apache.xmlbeans.impl.store.Locale.parseToXmlObject(Locale.java:1272)
at org.apache.xmlbeans.impl.store.Locale.parseToXmlObject(Locale.java:1259)
at org.apache.xmlbeans.impl.schema.SchemaTypeLoaderBase.parse(SchemaTypeLoaderBase.java:345)
at org.openxmlformats.schemas.spreadsheetml.x2006.main.WorksheetDocument$Factory.parse(Unknown Source)
at org.apache.poi.xssf.usermodel.XSSFSheet.read(XSSFSheet.java:226)
at org.apache.poi.xssf.usermodel.XSSFSheet.onDocumentRead(XSSFSheet.java:218)
at org.apache.poi.xssf.usermodel.XSSFWorkbook.parseSheet(XSSFWorkbook.java:448)
at org.apache.poi.xssf.usermodel.XSSFWorkbook.onDocumentRead(XSSFWorkbook.java:413)
at org.apache.poi.ooxml.POIXMLDocument.load(POIXMLDocument.java:184)
at org.apache.poi.xssf.usermodel.XSSFWorkbook.<init>(XSSFWorkbook.java:282)
at org.apache.poi.xssf.usermodel.XSSFWorkbook.<init>(XSSFWorkbook.java:303)
at DataDriven.dataprovider.dp(dataprovider.java:33)
at DataDriven.dataprovider.dp(dataprovider.java:39)
at DataDriven.dataprovider.dp(dataprovider.java:39)
at DataDriven.dataprovider.dp(dataprovider.java:39)
at DataDriven.dataprovider.dp(dataprovider.java:39)
at DataDriven.dataprovider.dp(dataprovider.java:39)
at DataDriven.dataprovider.dp(dataprovider.java:39)
at DataDriven.dataprovider.dp(dataprovider.java:39)
at DataDriven.dataprovider.dp(dataprovider.java:39)
at DataDriven.dataprovider.dp(dataprovider.java:39)
at DataDriven.dataprovider.dp(dataprovider.java:39)
at DataDriven.dataprovider.dp(dataprovider.java:39)
at DataDriven.dataprovider.dp(dataprovider.java:39)
at DataDriven.dataprovider.dp(dataprovider.java:39)
at DataDriven.dataprovider.dp(dataprovider.java:39)
at DataDriven.dataprovider.dp(dataprovider.java:39)
at DataDriven.dataprovider.dp(dataprovider.java:39)
at DataDriven.dataprovider.dp(dataprovider.java:39)
at DataDriven.dataprovider.dp(dataprovider.java:39)
at DataDriven.dataprovider.dp(dataprovider.java:39)
at DataDriven.dataprovider.dp(dataprovider.java:39)
at DataDriven.dataprovider.dp(dataprovider.java:39)
at DataDriven.dataprovider.dp(dataprovider.java:39)
at DataDriven.dataprovider.dp(dataprovider.java:39)
at DataDriven.dataprovider.dp(dataprovider.java:39)
at DataDriven.dataprovider.dp(dataprovider.java:39)
at DataDriven.dataprovider.dp(dataprovider.java:39)
at DataDriven.dataprovider.dp(dataprovider.java:39)
at DataDriven.dataprovider.dp(dataprovider.java:39)
at DataDriven.dataprovider.dp(dataprovider.java:39)
at DataDriven.dataprovider.dp(dataprovider.java:39)
at DataDriven.dataprovider.dp(dataprovider.java:39)
at DataDriven.dataprovider.dp(dataprovider.java:39)
at DataDriven.dataprovider.dp(dataprovider.java:39)
at DataDriven.dataprovider.dp(dataprovider.java:39)
at DataDriven.dataprovider.dp(dataprovider.java:39)
at DataDriven.dataprovider.dp(dataprovider.java:39)
at DataDriven.dataprovider.dp(dataprovider.java:39)
at DataDriven.dataprovider.dp(dataprovider.java:39)
at DataDriven.dataprovider.dp(dataprovider.java:39)
at DataDriven.dataprovider.dp(dataprovider.java:39)
at DataDriven.dataprovider.dp(dataprovider.java:39)
at DataDriven.dataprovider.dp(dataprovider.java:39)
at DataDriven.dataprovider.dp(dataprovider.java:39)
at DataDriven.dataprovider.dp(dataprovider.java:39)
at DataDriven.dataprovider.dp(dataprovider.java:39)
at DataDriven.dataprovider.dp(dataprovider.java:39)
at DataDriven.dataprovider.dp(dataprovider.java:39)
at DataDriven.dataprovider.dp(dataprovider.java:39)
at DataDriven.dataprovider.dp(dataprovider.java:39)
at DataDriven.dataprovider.dp(dataprovider.java:39)
at DataDriven.dataprovider.dp(dataprovider.java:39)
at DataDriven.dataprovider.dp(dataprovider.java:39)
at DataDriven.dataprovider.dp(dataprovider.java:39)
at DataDriven.dataprovider.dp(dataprovider.java:39)
at DataDriven.dataprovider.dp(dataprovider.java:39)
at DataDriven.dataprovider.dp(dataprovider.java:39)
at DataDriven.dataprovider.dp(dataprovider.java:39)
at DataDriven.dataprovider.dp(dataprovider.java:39)
at DataDriven.dataprovider.dp(dataprovider.java:39)
at DataDriven.dataprovider.dp(dataprovider.java:39)
at DataDriven.dataprovider.dp(dataprovider.java:39)
at DataDriven.dataprovider.dp(dataprovider.java:39)
at DataDriven.dataprovider.dp(dataprovider.java:39)
at DataDriven.dataprovider.dp(dataprovider.java:39)
at DataDriven.dataprovider.dp(dataprovider.java:39)
at DataDriven.dataprovider.dp(dataprovider.java:39)
at DataDriven.dataprovider.dp(dataprovider.java:39)
at DataDriven.dataprovider.dp(dataprovider.java:39)
at DataDriven.dataprovider.dp(dataprovider.java:39)
at DataDriven.dataprovider.dp(dataprovider.java:39)
at DataDriven.dataprovider.dp(dataprovider.java:39)
at DataDriven.dataprovider.dp(dataprovider.java:39)
at DataDriven.dataprovider.dp(dataprovider.java:39)
at DataDriven.dataprovider.dp(dataprovider.java:39)
at DataDriven.dataprovider.dp(dataprovider.java:39)
at DataDriven.dataprovider.dp(dataprovider.java:39)
at DataDriven.dataprovider.dp(dataprovider.java:39)
at DataDriven.dataprovider.dp(dataprovider.java:39)
at DataDriven.dataprovider.dp(dataprovider.java:39)
at DataDriven.dataprovider.dp(dataprovider.java:39)
at DataDriven.dataprovider.dp(dataprovider.java:39)
at DataDriven.dataprovider.dp(dataprovider.java:39)
at DataDriven.dataprovider.dp(dataprovider.java:39)
at DataDriven.dataprovider.dp(dataprovider.java:39)
at DataDriven.dataprovider.dp(dataprovider.java:39)
at DataDriven.dataprovider.dp(dataprovider.java:39)
at DataDriven.dataprovider.dp(dataprovider.java:39)
at DataDriven.dataprovider.dp(dataprovider.java:39)
at DataDriven.dataprovider.dp(dataprovider.java:39)
at DataDriven.dataprovider.dp(dataprovider.java:39)
at DataDriven.dataprovider.dp(dataprovider.java:39)
at DataDriven.dataprovider.dp(dataprovider.java:39)
at DataDriven.dataprovider.dp(dataprovider.java:39)
at DataDriven.dataprovider.dp(dataprovider.java:39)
at DataDriven.dataprovider.dp(dataprovider.java:39)
at DataDriven.dataprovider.dp(dataprovider.java:39)
at DataDriven.dataprovider.dp(dataprovider.java:39)
at DataDriven.dataprovider.dp(dataprovider.java:39)
at DataDriven.dataprovider.dp(dataprovider.java:39)
at DataDriven.dataprovider.dp(dataprovider.java:39)
at DataDriven.dataprovider.dp(dataprovider.java:39)
at DataDriven.dataprovider.dp(dataprovider.java:39)
at DataDriven.dataprovider.dp(dataprovider.java:39)
at DataDriven.dataprovider.dp(dataprovider.java:39)
at DataDriven.dataprovider.dp(dataprovider.java:39)
at DataDriven.dataprovider.dp(dataprovider.java:39)
at DataDriven.dataprovider.dp(dataprovider.java:39)
at DataDriven.dataprovider.dp(dataprovider.java:39)
at DataDriven.dataprovider.dp(dataprovider.java:39)
at DataDriven.dataprovider.dp(dataprovider.java:39)
at DataDriven.dataprovider.dp(dataprovider.java:39)
at DataDriven.dataprovider.dp(dataprovider.java:39)
at DataDriven.dataprovider.dp(dataprovider.java:39)
at DataDriven.dataprovider.dp(dataprovider.java:39)
at DataDriven.dataprovider.dp(dataprovider.java:39)
at DataDriven.dataprovider.dp(dataprovider.java:39)
at DataDriven.dataprovider.dp(dataprovider.java:39)
at DataDriven.dataprovider.dp(dataprovider.java:39)
at DataDriven.dataprovider.dp(dataprovider.java:39)
at DataDriven.dataprovider.dp(dataprovider.java:39)
at DataDriven.dataprovider.dp(dataprovider.java:39)
at DataDriven.dataprovider.dp(dataprovider.java:39)
at DataDriven.dataprovider.dp(dataprovider.java:39)
at DataDriven.dataprovider.dp(dataprovider.java:39)
at DataDriven.dataprovider.dp(dataprovider.java:39)
at DataDriven.dataprovider.dp(dataprovider.java:39)
at DataDriven.dataprovider.dp(dataprovider.java:39)
at DataDriven.dataprovider.dp(dataprovider.java:39)
at DataDriven.dataprovider.dp(dataprovider.java:39)
at DataDriven.dataprovider.dp(dataprovider.java:39)
at DataDriven.dataprovider.dp(dataprovider.java:39)
at DataDriven.dataprovider.dp(dataprovider.java:39)
at DataDriven.dataprovider.dp(dataprovider.java:39)
at DataDriven.dataprovider.dp(dataprovider.java:39)
at DataDriven.dataprovider.dp(dataprovider.java:39)
at DataDriven.dataprovider.dp(dataprovider.java:39)
at DataDriven.dataprovider.dp(dataprovider.java:39)
at DataDriven.dataprovider.dp(dataprovider.java:39)
at DataDriven.dataprovider.dp(dataprovider.java:39)
at DataDriven.dataprovider.dp(dataprovider.java:39)
at DataDriven.dataprovider.dp(dataprovider.java:39)
at DataDriven.dataprovider.dp(dataprovider.java:39)
at DataDriven.dataprovider.dp(dataprovider.java:39)
at DataDriven.dataprovider.dp(dataprovider.java:39)
at DataDriven.dataprovider.dp(dataprovider.java:39)
at DataDriven.dataprovider.dp(dataprovider.java:39)
at DataDriven.dataprovider.dp(dataprovider.java:39)
at DataDriven.dataprovider.dp(dataprovider.java:39)
at DataDriven.dataprovider.dp(dataprovider.java:39)
at DataDriven.dataprovider.dp(dataprovider.java:39)
at DataDriven.dataprovider.dp(dataprovider.java:39)
at DataDriven.dataprovider.dp(dataprovider.java:39)
at DataDriven.dataprovider.dp(dataprovider.java:39)
at DataDriven.dataprovider.dp(dataprovider.java:39)
at DataDriven.dataprovider.dp(dataprovider.java:39)
at DataDriven.dataprovider.dp(dataprovider.java:39)
at DataDriven.dataprovider.dp(dataprovider.java:39)
at DataDriven.dataprovider.dp(dataprovider.java:39)
at DataDriven.dataprovider.dp(dataprovider.java:39)
at DataDriven.dataprovider.dp(dataprovider.java:39)
at DataDriven.dataprovider.dp(dataprovider.java:39)
at DataDriven.dataprovider.dp(dataprovider.java:39)
at DataDriven.dataprovider.dp(dataprovider.java:39)
at DataDriven.dataprovider.dp(dataprovider.java:39)
at DataDriven.dataprovider.dp(dataprovider.java:39)
at DataDriven.dataprovider.dp(dataprovider.java:39)
at DataDriven.dataprovider.dp(dataprovider.java:39)
at DataDriven.dataprovider.dp(dataprovider.java:39)
at DataDriven.dataprovider.dp(dataprovider.java:39)
at DataDriven.dataprovider.dp(dataprovider.java:39)
at DataDriven.dataprovider.dp(dataprovider.java:39)
at DataDriven.dataprovider.dp(dataprovider.java:39)
at DataDriven.dataprovider.dp(dataprovider.java:39)
at DataDriven.dataprovider.dp(dataprovider.java:39)
at DataDriven.dataprovider.dp(dataprovider.java:39)
at DataDriven.dataprovider.dp(dataprovider.java:39)
at DataDriven.dataprovider.dp(dataprovider.java:39)
at DataDriven.dataprovider.dp(dataprovider.java:39)
at DataDriven.dataprovider.dp(dataprovider.java:39)
at DataDriven.dataprovider.dp(dataprovider.java:39)
at DataDriven.dataprovider.dp(dataprovider.java:39)
at DataDriven.dataprovider.dp(dataprovider.java:39)
at DataDriven.dataprovider.dp(dataprovider.java:39)
at DataDriven.dataprovider.dp(dataprovider.java:39)
at DataDriven.dataprovider.dp(dataprovider.java:39)
at DataDriven.dataprovider.dp(dataprovider.java:39)
at DataDriven.dataprovider.dp(dataprovider.java:39)
at DataDriven.dataprovider.dp(dataprovider.java:39)
at DataDriven.dataprovider.dp(dataprovider.java:39)
at DataDriven.dataprovider.dp(dataprovider.java:39)
at DataDriven.dataprovider.dp(dataprovider.java:39)
at DataDriven.dataprovider.dp(dataprovider.java:39)
at DataDriven.dataprovider.dp(dataprovider.java:39)
at DataDriven.dataprovider.dp(dataprovider.java:39)
at DataDriven.dataprovider.dp(dataprovider.java:39)
at DataDriven.dataprovider.dp(dataprovider.java:39)
at DataDriven.dataprovider.dp(dataprovider.java:39)
at DataDriven.dataprovider.dp(dataprovider.java:39)
at DataDriven.dataprovider.dp(dataprovider.java:39)
at DataDriven.dataprovider.dp(dataprovider.java:39)
at DataDriven.dataprovider.dp(dataprovider.java:39)
at DataDriven.dataprovider.dp(dataprovider.java:39)
at DataDriven.dataprovider.dp(dataprovider.java:39)
at DataDriven.dataprovider.dp(dataprovider.java:39)
at DataDriven.dataprovider.dp(dataprovider.java:39)
at DataDriven.dataprovider.dp(dataprovider.java:39)
at DataDriven.dataprovider.dp(dataprovider.java:39)
at DataDriven.dataprovider.dp(dataprovider.java:39)
at DataDriven.dataprovider.dp(dataprovider.java:39)
at DataDriven.dataprovider.dp(dataprovider.java:39)
at DataDriven.dataprovider.dp(dataprovider.java:39)
at DataDriven.dataprovider.dp(dataprovider.java:39)
at DataDriven.dataprovider.dp(dataprovider.java:39)
at DataDriven.dataprovider.dp(dataprovider.java:39)
at DataDriven.dataprovider.dp(dataprovider.java:39)
at DataDriven.dataprovider.dp(dataprovider.java:39)
at DataDriven.dataprovider.dp(dataprovider.java:39)
at DataDriven.dataprovider.dp(dataprovider.java:39)
at DataDriven.dataprovider.dp(dataprovider.java:39)
at DataDriven.dataprovider.dp(dataprovider.java:39)
at DataDriven.dataprovider.dp(dataprovider.java:39)
at DataDriven.dataprovider.dp(dataprovider.java:39)
at DataDriven.dataprovider.dp(dataprovider.java:39)
at DataDriven.dataprovider.dp(dataprovider.java:39)
at DataDriven.dataprovider.dp(dataprovider.java:39)
at DataDriven.dataprovider.dp(dataprovider.java:39)
at DataDriven.dataprovider.dp(dataprovider.java:39)
at DataDriven.dataprovider.dp(dataprovider.java:39)
at DataDriven.dataprovider.dp(dataprovider.java:39)
at DataDriven.dataprovider.dp(dataprovider.java:39)
at DataDriven.dataprovider.dp(dataprovider.java:39)
at DataDriven.dataprovider.dp(dataprovider.java:39)
at DataDriven.dataprovider.dp(dataprovider.java:39)
at DataDriven.dataprovider.dp(dataprovider.java:39)
at DataDriven.dataprovider.dp(dataprovider.java:39)
at DataDriven.dataprovider.dp(dataprovider.java:39)
at DataDriven.dataprovider.dp(dataprovider.java:39)
at DataDriven.dataprovider.dp(dataprovider.java:39)
at DataDriven.dataprovider.dp(dataprovider.java:39)
at DataDriven.dataprovider.dp(dataprovider.java:39)
at DataDriven.dataprovider.dp(dataprovider.java:39)
at DataDriven.dataprovider.dp(dataprovider.java:39)
at DataDriven.dataprovider.dp(dataprovider.java:39)
at DataDriven.dataprovider.dp(dataprovider.java:39)
at DataDriven.dataprovider.dp(dataprovider.java:39)
at DataDriven.dataprovider.dp(dataprovider.java:39)
at DataDriven.dataprovider.dp(dataprovider.java:39)
at DataDriven.dataprovider.dp(dataprovider.java:39)
at DataDriven.dataprovider.dp(dataprovider.java:39)
at DataDriven.dataprovider.dp(dataprovider.java:39)
at DataDriven.dataprovider.dp(dataprovider.java:39)
at DataDriven.dataprovider.dp(dataprovider.java:39)
at DataDriven.dataprovider.dp(dataprovider.java:39)
at DataDriven.dataprovider.dp(dataprovider.java:39)
at DataDriven.dataprovider.dp(dataprovider.java:39)
at DataDriven.dataprovider.dp(dataprovider.java:39)
at DataDriven.dataprovider.dp(dataprovider.java:39)
at DataDriven.dataprovider.dp(dataprovider.java:39)
at DataDriven.dataprovider.dp(dataprovider.java:39)
at DataDriven.dataprovider.dp(dataprovider.java:39)
at DataDriven.dataprovider.dp(dataprovider.java:39)
at DataDriven.dataprovider.dp(dataprovider.java:39)
at DataDriven.dataprovider.dp(dataprovider.java:39)
at DataDriven.dataprovider.dp(dataprovider.java:39)
at DataDriven.dataprovider.dp(dataprovider.java:39)
at DataDriven.dataprovider.dp(dataprovider.java:39)
at DataDriven.dataprovider.dp(dataprovider.java:39)
at DataDriven.dataprovider.dp(dataprovider.java:39)
at DataDriven.dataprovider.dp(dataprovider.java:39)
at DataDriven.dataprovider.dp(dataprovider.java:39)
at DataDriven.dataprovider.dp(dataprovider.java:39)
at DataDriven.dataprovider.dp(dataprovider.java:39)
at DataDriven.dataprovider.dp(dataprovider.java:39)
at DataDriven.dataprovider.dp(dataprovider.java:39)
at DataDriven.dataprovider.dp(dataprovider.java:39)
at DataDriven.dataprovider.dp(dataprovider.java:39)
at DataDriven.dataprovider.dp(dataprovider.java:39)
at DataDriven.dataprovider.dp(dataprovider.java:39)
at DataDriven.dataprovider.dp(dataprovider.java:39)
at DataDriven.dataprovider.dp(dataprovider.java:39)
at DataDriven.dataprovider.dp(dataprovider.java:39)
at DataDriven.dataprovider.dp(dataprovider.java:39)
at DataDriven.dataprovider.dp(dataprovider.java:39)
at DataDriven.dataprovider.dp(dataprovider.java:39)
at DataDriven.dataprovider.dp(dataprovider.java:39)
at DataDriven.dataprovider.dp(dataprovider.java:39)
at DataDriven.dataprovider.dp(dataprovider.java:39)
at DataDriven.dataprovider.dp(dataprovider.java:39)
at DataDriven.dataprovider.dp(dataprovider.java:39)
at DataDriven.dataprovider.dp(dataprovider.java:39)
at DataDriven.dataprovider.dp(dataprovider.java:39)
at DataDriven.dataprovider.dp(dataprovider.java:39)
at DataDriven.dataprovider.dp(dataprovider.java:39)
at DataDriven.dataprovider.dp(dataprovider.java:39)
at DataDriven.dataprovider.dp(dataprovider.java:39)
at DataDriven.dataprovider.dp(dataprovider.java:39)
at DataDriven.dataprovider.dp(dataprovider.java:39)
at DataDriven.dataprovider.dp(dataprovider.java:39)
at DataDriven.dataprovider.dp(dataprovider.java:39)
at DataDriven.dataprovider.dp(dataprovider.java:39)
at DataDriven.dataprovider.dp(dataprovider.java:39)
at DataDriven.dataprovider.dp(dataprovider.java:39)
at DataDriven.dataprovider.dp(dataprovider.java:39)
at DataDriven.dataprovider.dp(dataprovider.java:39)
at DataDriven.dataprovider.dp(dataprovider.java:39)
at DataDriven.dataprovider.dp(dataprovider.java:39)
at DataDriven.dataprovider.dp(dataprovider.java:39)
at DataDriven.dataprovider.dp(dataprovider.java:39)
at DataDriven.dataprovider.dp(dataprovider.java:39)
at DataDriven.dataprovider.dp(dataprovider.java:39)
at DataDriven.dataprovider.dp(dataprovider.java:39)
at DataDriven.dataprovider.dp(dataprovider.java:39)
at DataDriven.dataprovider.dp(dataprovider.java:39)
at DataDriven.dataprovider.dp(dataprovider.java:39)
at DataDriven.dataprovider.dp(dataprovider.java:39)
at DataDriven.dataprovider.dp(dataprovider.java:39)
at DataDriven.dataprovider.dp(dataprovider.java:39)
at DataDriven.dataprovider.dp(dataprovider.java:39)
at DataDriven.dataprovider.dp(dataprovider.java:39)
at DataDriven.dataprovider.dp(dataprovider.java:39)
at DataDriven.dataprovider.dp(dataprovider.java:39)
at DataDriven.dataprovider.dp(dataprovider.java:39)
at DataDriven.dataprovider.dp(dataprovider.java:39)
at DataDriven.dataprovider.dp(dataprovider.java:39)
at DataDriven.dataprovider.dp(dataprovider.java:39)
at DataDriven.dataprovider.dp(dataprovider.java:39)
at DataDriven.dataprovider.dp(dataprovider.java:39)
at DataDriven.dataprovider.dp(dataprovider.java:39)
at DataDriven.dataprovider.dp(dataprovider.java:39)
at DataDriven.dataprovider.dp(dataprovider.java:39)
at DataDriven.dataprovider.dp(dataprovider.java:39)
at DataDriven.dataprovider.dp(dataprovider.java:39)
at DataDriven.dataprovider.dp(dataprovider.java:39)
at DataDriven.dataprovider.dp(dataprovider.java:39)
at DataDriven.dataprovider.dp(dataprovider.java:39)
at DataDriven.dataprovider.dp(dataprovider.java:39)
at DataDriven.dataprovider.dp(dataprovider.java:39)
at DataDriven.dataprovider.dp(dataprovider.java:39)
at DataDriven.dataprovider.dp(dataprovider.java:39)
at DataDriven.dataprovider.dp(dataprovider.java:39)
at DataDriven.dataprovider.dp(dataprovider.java:39)
at DataDriven.dataprovider.dp(dataprovider.java:39)
at DataDriven.dataprovider.dp(dataprovider.java:39)
at DataDriven.dataprovider.dp(dataprovider.java:39)
at DataDriven.dataprovider.dp(dataprovider.java:39)
at DataDriven.dataprovider.dp(dataprovider.java:39)
at DataDriven.dataprovider.dp(dataprovider.java:39)
at DataDriven.dataprovider.dp(dataprovider.java:39)
at DataDriven.dataprovider.dp(dataprovider.java:39)
at DataDriven.dataprovider.dp(dataprovider.java:39)
at DataDriven.dataprovider.dp(dataprovider.java:39)
at DataDriven.dataprovider.dp(dataprovider.java:39)
at DataDriven.dataprovider.dp(dataprovider.java:39)
at DataDriven.dataprovider.dp(dataprovider.java:39)
at DataDriven.dataprovider.dp(dataprovider.java:39)
at DataDriven.dataprovider.dp(dataprovider.java:39)
at DataDriven.dataprovider.dp(dataprovider.java:39)
at DataDriven.dataprovider.dp(dataprovider.java:39)
at DataDriven.dataprovider.dp(dataprovider.java:39)
at DataDriven.dataprovider.dp(dataprovider.java:39)
at DataDriven.dataprovider.dp(dataprovider.java:39)
at DataDriven.dataprovider.dp(dataprovider.java:39)
at DataDriven.dataprovider.dp(dataprovider.java:39)
at DataDriven.dataprovider.dp(dataprovider.java:39)
at DataDriven.dataprovider.dp(dataprovider.java:39)
at DataDriven.dataprovider.dp(dataprovider.java:39)
at DataDriven.dataprovider.dp(dataprovider.java:39)
at DataDriven.dataprovider.dp(dataprovider.java:39)
at DataDriven.dataprovider.dp(dataprovider.java:39)
at DataDriven.dataprovider.dp(dataprovider.java:39)
at DataDriven.dataprovider.dp(dataprovider.java:39)
at DataDriven.dataprovider.dp(dataprovider.java:39)
at DataDriven.dataprovider.dp(dataprovider.java:39)
at DataDriven.dataprovider.dp(dataprovider.java:39)
at DataDriven.dataprovider.dp(dataprovider.java:39)
at DataDriven.dataprovider.dp(dataprovider.java:39)
at DataDriven.dataprovider.dp(dataprovider.java:39)
at DataDriven.dataprovider.dp(dataprovider.java:39)
at DataDriven.dataprovider.dp(dataprovider.java:39)
at DataDriven.dataprovider.dp(dataprovider.java:39)
at DataDriven.dataprovider.dp(dataprovider.java:39)
at DataDriven.dataprovider.dp(dataprovider.java:39)
at DataDriven.dataprovider.dp(dataprovider.java:39)
at DataDriven.dataprovider.dp(dataprovider.java:39)
at DataDriven.dataprovider.dp(dataprovider.java:39)
at DataDriven.dataprovider.dp(dataprovider.java:39)
at DataDriven.dataprovider.dp(dataprovider.java:39)
at DataDriven.dataprovider.dp(dataprovider.java:39)
at DataDriven.dataprovider.dp(dataprovider.java:39)
at DataDriven.dataprovider.dp(dataprovider.java:39)
at DataDriven.dataprovider.dp(dataprovider.java:39)
at DataDriven.dataprovider.dp(dataprovider.java:39)
at DataDriven.dataprovider.dp(dataprovider.java:39)
at DataDriven.dataprovider.dp(dataprovider.java:39)
at DataDriven.dataprovider.dp(dataprovider.java:39)
at DataDriven.dataprovider.dp(dataprovider.java:39)
at DataDriven.dataprovider.dp(dataprovider.java:39)
at DataDriven.dataprovider.dp(dataprovider.java:39)
at DataDriven.dataprovider.dp(dataprovider.java:39)
at DataDriven.dataprovider.dp(dataprovider.java:39)
at DataDriven.dataprovider.dp(dataprovider.java:39)
at DataDriven.dataprovider.dp(dataprovider.java:39)
at DataDriven.dataprovider.dp(dataprovider.java:39)
at DataDriven.dataprovider.dp(dataprovider.java:39)
at DataDriven.dataprovider.dp(dataprovider.java:39)
at DataDriven.dataprovider.dp(dataprovider.java:39)
at DataDriven.dataprovider.dp(dataprovider.java:39)
at DataDriven.dataprovider.dp(dataprovider.java:39)
at DataDriven.dataprovider.dp(dataprovider.java:39)
at DataDriven.dataprovider.dp(dataprovider.java:39)
at DataDriven.dataprovider.dp(dataprovider.java:39)
at DataDriven.dataprovider.dp(dataprovider.java:39)
at DataDriven.dataprovider.dp(dataprovider.java:39)
at DataDriven.dataprovider.dp(dataprovider.java:39)
at DataDriven.dataprovider.dp(dataprovider.java:39)
at DataDriven.dataprovider.dp(dataprovider.java:39)
at DataDriven.dataprovider.dp(dataprovider.java:39)
at DataDriven.dataprovider.dp(dataprovider.java:39)
at DataDriven.dataprovider.dp(dataprovider.java:39)
at DataDriven.dataprovider.dp(dataprovider.java:39)
at DataDriven.dataprovider.dp(dataprovider.java:39)
at DataDriven.dataprovider.dp(dataprovider.java:39)
at DataDriven.dataprovider.dp(dataprovider.java:39)
at DataDriven.dataprovider.dp(dataprovider.java:39)
at DataDriven.dataprovider.dp(dataprovider.java:39)
at DataDriven.dataprovider.dp(dataprovider.java:39)
at DataDriven.dataprovider.dp(dataprovider.java:39)
at DataDriven.dataprovider.dp(dataprovider.java:39)
at DataDriven.dataprovider.dp(dataprovider.java:39)
at DataDriven.dataprovider.dp(dataprovider.java:39)
at DataDriven.dataprovider.dp(dataprovider.java:39)
at DataDriven.dataprovider.dp(dataprovider.java:39)
at DataDriven.dataprovider.dp(dataprovider.java:39)
at DataDriven.dataprovider.dp(dataprovider.java:39)
at DataDriven.dataprovider.dp(dataprovider.java:39)
at DataDriven.dataprovider.dp(dataprovider.java:39)
at DataDriven.dataprovider.dp(dataprovider.java:39)
at DataDriven.dataprovider.dp(dataprovider.java:39)
at DataDriven.dataprovider.dp(dataprovider.java:39)
at DataDriven.dataprovider.dp(dataprovider.java:39)
at DataDriven.dataprovider.dp(dataprovider.java:39)
at DataDriven.dataprovider.dp(dataprovider.java:39)
at DataDriven.dataprovider.dp(dataprovider.java:39)
at DataDriven.dataprovider.dp(dataprovider.java:39)
at DataDriven.dataprovider.dp(dataprovider.java:39)
at DataDriven.dataprovider.dp(dataprovider.java:39)
at DataDriven.dataprovider.dp(dataprovider.java:39)
at DataDriven.dataprovider.dp(dataprovider.java:39)
at DataDriven.dataprovider.dp(dataprovider.java:39)
at DataDriven.dataprovider.dp(dataprovider.java:39)
at DataDriven.dataprovider.dp(dataprovider.java:39)
at DataDriven.dataprovider.dp(dataprovider.java:39)
at DataDriven.dataprovider.dp(dataprovider.java:39)
at DataDriven.dataprovider.dp(dataprovider.java:39)
at DataDriven.dataprovider.dp(dataprovider.java:39)
at DataDriven.dataprovider.dp(dataprovider.java:39)
at DataDriven.dataprovider.dp(dataprovider.java:39)
at DataDriven.dataprovider.dp(dataprovider.java:39)
at DataDriven.dataprovider.dp(dataprovider.java:39)
at DataDriven.dataprovider.dp(dataprovider.java:39)
at DataDriven.dataprovider.dp(dataprovider.java:39)
at DataDriven.dataprovider.dp(dataprovider.java:39)
at DataDriven.dataprovider.dp(dataprovider.java:39)
at DataDriven.dataprovider.dp(dataprovider.java:39)
at DataDriven.dataprovider.dp(dataprovider.java:39)
at DataDriven.dataprovider.dp(dataprovider.java:39)
at DataDriven.dataprovider.dp(dataprovider.java:39)
at DataDriven.dataprovider.dp(dataprovider.java:39)
at DataDriven.dataprovider.dp(dataprovider.java:39)
at DataDriven.dataprovider.dp(dataprovider.java:39)
at DataDriven.dataprovider.dp(dataprovider.java:39)
at DataDriven.dataprovider.dp(dataprovider.java:39)
at DataDriven.dataprovider.dp(dataprovider.java:39)
at DataDriven.dataprovider.dp(dataprovider.java:39)
at DataDriven.dataprovider.dp(dataprovider.java:39)
at DataDriven.dataprovider.dp(dataprovider.java:39)
at DataDriven.dataprovider.dp(dataprovider.java:39)
at DataDriven.dataprovider.dp(dataprovider.java:39)
at DataDriven.dataprovider.dp(dataprovider.java:39)
at DataDriven.dataprovider.dp(dataprovider.java:39)
at DataDriven.dataprovider.dp(dataprovider.java:39)
at DataDriven.dataprovider.dp(dataprovider.java:39)
at DataDriven.dataprovider.dp(dataprovider.java:39)
at DataDriven.dataprovider.dp(dataprovider.java:39)
at DataDriven.dataprovider.dp(dataprovider.java:39)
at DataDriven.dataprovider.dp(dataprovider.java:39)
at DataDriven.dataprovider.dp(dataprovider.java:39)
at DataDriven.dataprovider.dp(dataprovider.java:39)
at DataDriven.dataprovider.dp(dataprovider.java:39)
at DataDriven.dataprovider.dp(dataprovider.java:39)
at DataDriven.dataprovider.dp(dataprovider.java:39)
at DataDriven.dataprovider.dp(dataprovider.java:39)
at DataDriven.dataprovider.dp(dataprovider.java:39)
at DataDriven.dataprovider.dp(dataprovider.java:39)
at DataDriven.dataprovider.dp(dataprovider.java:39)
at DataDriven.dataprovider.dp(dataprovider.java:39)
at DataDriven.dataprovider.dp(dataprovider.java:39)
at DataDriven.dataprovider.dp(dataprovider.java:39)
at DataDriven.dataprovider.dp(dataprovider.java:39)
at DataDriven.dataprovider.dp(dataprovider.java:39)
at DataDriven.dataprovider.dp(dataprovider.java:39)
at DataDriven.dataprovider.dp(dataprovider.java:39)
at DataDriven.dataprovider.dp(dataprovider.java:39)
at DataDriven.dataprovider.dp(dataprovider.java:39)
at DataDriven.dataprovider.dp(dataprovider.java:39)
at DataDriven.dataprovider.dp(dataprovider.java:39)
at DataDriven.dataprovider.dp(dataprovider.java:39)
at DataDriven.dataprovider.dp(dataprovider.java:39)
at DataDriven.dataprovider.dp(dataprovider.java:39)
at DataDriven.dataprovider.dp(dataprovider.java:39)
at DataDriven.dataprovider.dp(dataprovider.java:39)
at DataDriven.dataprovider.dp(dataprovider.java:39)
at DataDriven.dataprovider.dp(dataprovider.java:39)
at DataDriven.dataprovider.dp(dataprovider.java:39)
at DataDriven.dataprovider.dp(dataprovider.java:39)
at DataDriven.dataprovider.dp(dataprovider.java:39)
at DataDriven.dataprovider.dp(dataprovider.java:39)
at DataDriven.dataprovider.dp(dataprovider.java:39)
at DataDriven.dataprovider.dp(dataprovider.java:39)
at DataDriven.dataprovider.dp(dataprovider.java:39)
at DataDriven.dataprovider.dp(dataprovider.java:39)
at DataDriven.dataprovider.dp(dataprovider.java:39)
at DataDriven.dataprovider.dp(dataprovider.java:39)
at DataDriven.dataprovider.dp(dataprovider.java:39)
at DataDriven.dataprovider.dp(dataprovider.java:39)
at DataDriven.dataprovider.dp(dataprovider.java:39)
at DataDriven.dataprovider.dp(dataprovider.java:39)
at DataDriven.dataprovider.dp(dataprovider.java:39)
at DataDriven.dataprovider.dp(dataprovider.java:39)
at DataDriven.dataprovider.dp(dataprovider.java:39)
at DataDriven.dataprovider.dp(dataprovider.java:39)
at DataDriven.dataprovider.dp(dataprovider.java:39)
at DataDriven.dataprovider.dp(dataprovider.java:39)
at DataDriven.dataprovider.dp(dataprovider.java:39)
at DataDriven.dataprovider.dp(dataprovider.java:39)
at DataDriven.dataprovider.dp(dataprovider.java:39)
at DataDriven.dataprovider.dp(dataprovider.java:39)
at DataDriven.dataprovider.dp(dataprovider.java:39)
at DataDriven.dataprovider.dp(dataprovider.java:39)
at DataDriven.dataprovider.dp(dataprovider.java:39)
at DataDriven.dataprovider.dp(dataprovider.java:39)
at DataDriven.dataprovider.dp(dataprovider.java:39)
at DataDriven.dataprovider.dp(dataprovider.java:39)
at DataDriven.dataprovider.dp(dataprovider.java:39)
at DataDriven.dataprovider.dp(dataprovider.java:39)
at DataDriven.dataprovider.dp(dataprovider.java:39)
at DataDriven.dataprovider.dp(dataprovider.java:39)
at DataDriven.dataprovider.dp(dataprovider.java:39)
at DataDriven.dataprovider.dp(dataprovider.java:39)
at DataDriven.dataprovider.dp(dataprovider.java:39)
at DataDriven.dataprovider.dp(dataprovider.java:39)
at DataDriven.dataprovider.dp(dataprovider.java:39)
at DataDriven.dataprovider.dp(dataprovider.java:39)
at DataDriven.dataprovider.dp(dataprovider.java:39)
at DataDriven.dataprovider.dp(dataprovider.java:39)
at DataDriven.dataprovider.dp(dataprovider.java:39)
at DataDriven.dataprovider.dp(dataprovider.java:39)
at DataDriven.dataprovider.dp(dataprovider.java:39)
at DataDriven.dataprovider.dp(dataprovider.java:39)
at DataDriven.dataprovider.dp(dataprovider.java:39)
at DataDriven.dataprovider.dp(dataprovider.java:39)
at DataDriven.dataprovider.dp(dataprovider.java:39)
at DataDriven.dataprovider.dp(dataprovider.java:39)
at DataDriven.dataprovider.dp(dataprovider.java:39)
at DataDriven.dataprovider.dp(dataprovider.java:39)
at DataDriven.dataprovider.dp(dataprovider.java:39)
at DataDriven.dataprovider.dp(dataprovider.java:39)
at DataDriven.dataprovider.dp(dataprovider.java:39)
at DataDriven.dataprovider.dp(dataprovider.java:39)
at DataDriven.dataprovider.dp(dataprovider.java:39)
at DataDriven.dataprovider.dp(dataprovider.java:39)
at DataDriven.dataprovider.dp(dataprovider.java:39)
at DataDriven.dataprovider.dp(dataprovider.java:39)
at DataDriven.dataprovider.dp(dataprovider.java:39)
at DataDriven.dataprovider.dp(dataprovider.java:39)
at DataDriven.dataprovider.dp(dataprovider.java:39)
at DataDriven.dataprovider.dp(dataprovider.java:39)
at DataDriven.dataprovider.dp(dataprovider.java:39)
at DataDriven.dataprovider.dp(dataprovider.java:39)
at DataDriven.dataprovider.dp(dataprovider.java:39)
at DataDriven.dataprovider.dp(dataprovider.java:39)
at DataDriven.dataprovider.dp(dataprovider.java:39)
at DataDriven.dataprovider.dp(dataprovider.java:39)
at DataDriven.dataprovider.dp(dataprovider.java:39)
at DataDriven.dataprovider.dp(dataprovider.java:39)
at DataDriven.dataprovider.dp(dataprovider.java:39)
at DataDriven.dataprovider.dp(dataprovider.java:39)
at DataDriven.dataprovider.dp(dataprovider.java:39)
at DataDriven.dataprovider.dp(dataprovider.java:39)
at DataDriven.dataprovider.dp(dataprovider.java:39)
at DataDriven.dataprovider.dp(dataprovider.java:39)
at DataDriven.dataprovider.dp(dataprovider.java:39)
at DataDriven.dataprovider.dp(dataprovider.java:39)
at DataDriven.dataprovider.dp(dataprovider.java:39)
at DataDriven.dataprovider.dp(dataprovider.java:39)
at DataDriven.dataprovider.dp(dataprovider.java:39)
at DataDriven.dataprovider.dp(dataprovider.java:39)
at DataDriven.dataprovider.dp(dataprovider.java:39)
at DataDriven.dataprovider.dp(dataprovider.java:39)
at DataDriven.dataprovider.dp(dataprovider.java:39)
at DataDriven.dataprovider.dp(dataprovider.java:39)
at DataDriven.dataprovider.dp(dataprovider.java:39)
at DataDriven.dataprovider.dp(dataprovider.java:39)
at DataDriven.dataprovider.dp(dataprovider.java:39)
at DataDriven.dataprovider.dp(dataprovider.java:39)
at DataDriven.dataprovider.dp(dataprovider.java:39)
at DataDriven.dataprovider.dp(dataprovider.java:39)
at DataDriven.dataprovider.dp(dataprovider.java:39)
at DataDriven.dataprovider.dp(dataprovider.java:39)
at DataDriven.dataprovider.dp(dataprovider.java:39)
at DataDriven.dataprovider.dp(dataprovider.java:39)
at DataDriven.dataprovider.dp(dataprovider.java:39)
at DataDriven.dataprovider.dp(dataprovider.java:39)
at DataDriven.dataprovider.dp(dataprovider.java:39)
at DataDriven.dataprovider.dp(dataprovider.java:39)
at DataDriven.dataprovider.dp(dataprovider.java:39)
at DataDriven.dataprovider.dp(dataprovider.java:39)
at DataDriven.dataprovider.dp(dataprovider.java:39)
at DataDriven.dataprovider.dp(dataprovider.java:39)
at DataDriven.dataprovider.dp(dataprovider.java:39)
at DataDriven.dataprovider.dp(dataprovider.java:39)
at DataDriven.dataprovider.dp(dataprovider.java:39)
at DataDriven.dataprovider.dp(dataprovider.java:39)
at DataDriven.dataprovider.dp(dataprovider.java:39)
at DataDriven.dataprovider.dp(dataprovider.java:39)
at DataDriven.dataprovider.dp(dataprovider.java:39)
at DataDriven.dataprovider.dp(dataprovider.java:39)
at DataDriven.dataprovider.dp(dataprovider.java:39)
at DataDriven.dataprovider.dp(dataprovider.java:39)
at DataDriven.dataprovider.dp(dataprovider.java:39)
at DataDriven.dataprovider.dp(dataprovider.java:39)
at DataDriven.dataprovider.dp(dataprovider.java:39)
at DataDriven.dataprovider.dp(dataprovider.java:39)
at DataDriven.dataprovider.dp(dataprovider.java:39)
at DataDriven.dataprovider.dp(dataprovider.java:39)
at DataDriven.dataprovider.dp(dataprovider.java:39)
at DataDriven.dataprovider.dp(dataprovider.java:39)
at DataDriven.dataprovider.dp(dataprovider.java:39)
at DataDriven.dataprovider.dp(dataprovider.java:39)
at DataDriven.dataprovider.dp(dataprovider.java:39)
at DataDriven.dataprovider.dp(dataprovider.java:39)
at DataDriven.dataprovider.dp(dataprovider.java:39)
at DataDriven.dataprovider.dp(dataprovider.java:39)
at DataDriven.dataprovider.dp(dataprovider.java:39)
at DataDriven.dataprovider.dp(dataprovider.java:39)
at DataDriven.dataprovider.dp(dataprovider.java:39)
at DataDriven.dataprovider.dp(dataprovider.java:39)
at DataDriven.dataprovider.dp(dataprovider.java:39)
at DataDriven.dataprovider.dp(dataprovider.java:39)
at DataDriven.dataprovider.dp(dataprovider.java:39)
at DataDriven.dataprovider.dp(dataprovider.java:39)
at DataDriven.dataprovider.dp(dataprovider.java:39)
at DataDriven.dataprovider.dp(dataprovider.java:39)
at DataDriven.dataprovider.dp(dataprovider.java:39)
at DataDriven.dataprovider.dp(dataprovider.java:39)
at DataDriven.dataprovider.dp(dataprovider.java:39)
at DataDriven.dataprovider.dp(dataprovider.java:39)
at DataDriven.dataprovider.dp(dataprovider.java:39)
at DataDriven.dataprovider.dp(dataprovider.java:39)
at DataDriven.dataprovider.dp(dataprovider.java:39)
at DataDriven.dataprovider.dp(dataprovider.java:39)
at DataDriven.dataprovider.dp(dataprovider.java:39)
at DataDriven.dataprovider.dp(dataprovider.java:39)
at DataDriven.dataprovider.dp(dataprovider.java:39)
at DataDriven.dataprovider.dp(dataprovider.java:39)
at DataDriven.dataprovider.dp(dataprovider.java:39)
at DataDriven.dataprovider.dp(dataprovider.java:39)
at DataDriven.dataprovider.dp(dataprovider.java:39)
at DataDriven.dataprovider.dp(dataprovider.java:39)
at DataDriven.dataprovider.dp(dataprovider.java:39)
at DataDriven.dataprovider.dp(dataprovider.java:39)
at DataDriven.dataprovider.dp(dataprovider.java:39)
at DataDriven.dataprovider.dp(dataprovider.java:39)
at DataDriven.dataprovider.dp(dataprovider.java:39)
at DataDriven.dataprovider.dp(dataprovider.java:39)
at DataDriven.dataprovider.dp(dataprovider.java:39)
at DataDriven.dataprovider.dp(dataprovider.java:39)
at DataDriven.dataprovider.dp(dataprovider.java:39)
at DataDriven.dataprovider.dp(dataprovider.java:39)
at DataDriven.dataprovider.dp(dataprovider.java:39)
at DataDriven.dataprovider.dp(dataprovider.java:39)
at DataDriven.dataprovider.dp(dataprovider.java:39)
at DataDriven.dataprovider.dp(dataprovider.java:39)
at DataDriven.dataprovider.dp(dataprovider.java:39)
at DataDriven.dataprovider.dp(dataprovider.java:39)
at DataDriven.dataprovider.dp(dataprovider.java:39)
at DataDriven.dataprovider.dp(dataprovider.java:39)
at DataDriven.dataprovider.dp(dataprovider.java:39)
at DataDriven.dataprovider.dp(dataprovider.java:39)
at DataDriven.dataprovider.dp(dataprovider.java:39)
at DataDriven.dataprovider.dp(dataprovider.java:39)
at DataDriven.dataprovider.dp(dataprovider.java:39)
at DataDriven.dataprovider.dp(dataprovider.java:39)
at DataDriven.dataprovider.dp(dataprovider.java:39)
at DataDriven.dataprovider.dp(dataprovider.java:39)
at DataDriven.dataprovider.dp(dataprovider.java:39)
at DataDriven.dataprovider.dp(dataprovider.java:39)
at DataDriven.dataprovider.dp(dataprovider.java:39)
at DataDriven.dataprovider.dp(dataprovider.java:39)
at DataDriven.dataprovider.dp(dataprovider.java:39)
at DataDriven.dataprovider.dp(dataprovider.java:39)
at DataDriven.dataprovider.dp(dataprovider.java:39)
at DataDriven.dataprovider.dp(dataprovider.java:39)
at DataDriven.dataprovider.dp(dataprovider.java:39)
at DataDriven.dataprovider.dp(dataprovider.java:39)
at DataDriven.dataprovider.dp(dataprovider.java:39)
at DataDriven.dataprovider.dp(dataprovider.java:39)
at DataDriven.dataprovider.dp(dataprovider.java:39)
at DataDriven.dataprovider.dp(dataprovider.java:39)
at DataDriven.dataprovider.dp(dataprovider.java:39)
at DataDriven.dataprovider.dp(dataprovider.java:39)
at DataDriven.dataprovider.dp(dataprovider.java:39)
at DataDriven.dataprovider.dp(dataprovider.java:39)
at DataDriven.dataprovider.dp(dataprovider.java:39)
at DataDriven.dataprovider.dp(dataprovider.java:39)
at DataDriven.dataprovider.dp(dataprovider.java:39)
at DataDriven.dataprovider.dp(dataprovider.java:39)
at DataDriven.dataprovider.dp(dataprovider.java:39)
at DataDriven.dataprovider.dp(dataprovider.java:39)
at DataDriven.dataprovider.dp(dataprovider.java:39)
at DataDriven.dataprovider.dp(dataprovider.java:39)
at DataDriven.dataprovider.dp(dataprovider.java:39)
at DataDriven.dataprovider.dp(dataprovider.java:39)
at DataDriven.dataprovider.dp(dataprovider.java:39)
at DataDriven.dataprovider.dp(dataprovider.java:39)
at DataDriven.dataprovider.dp(dataprovider.java:39)
at DataDriven.dataprovider.dp(dataprovider.java:39)
at DataDriven.dataprovider.dp(dataprovider.java:39)
at DataDriven.dataprovider.dp(dataprovider.java:39)
at DataDriven.dataprovider.dp(dataprovider.java:39)
at DataDriven.dataprovider.dp(dataprovider.java:39)
at DataDriven.dataprovider.dp(dataprovider.java:39)
at DataDriven.dataprovider.dp(dataprovider.java:39)
at DataDriven.dataprovider.dp(dataprovider.java:39)
at DataDriven.dataprovider.dp(dataprovider.java:39)
at DataDriven.dataprovider.dp(dataprovider.java:39)
at DataDriven.dataprovider.dp(dataprovider.java:39)
at DataDriven.dataprovider.dp(dataprovider.java:39)
at DataDriven.dataprovider.dp(dataprovider.java:39)
at DataDriven.dataprovider.dp(dataprovider.java:39)
at DataDriven.dataprovider.dp(dataprovider.java:39)
at DataDriven.dataprovider.dp(dataprovider.java:39)
at DataDriven.dataprovider.dp(dataprovider.java:39)
at DataDriven.dataprovider.dp(dataprovider.java:39)
at DataDriven.dataprovider.dp(dataprovider.java:39)
at DataDriven.dataprovider.dp(dataprovider.java:39)
at DataDriven.dataprovider.dp(dataprovider.java:39)
at DataDriven.dataprovider.dp(dataprovider.java:39)
at DataDriven.dataprovider.dp(dataprovider.java:39)
at DataDriven.dataprovider.dp(dataprovider.java:39)
at DataDriven.dataprovider.dp(dataprovider.java:39)
at DataDriven.dataprovider.dp(dataprovider.java:39)
at DataDriven.dataprovider.dp(dataprovider.java:39)
at DataDriven.dataprovider.dp(dataprovider.java:39)
at DataDriven.dataprovider.dp(dataprovider.java:39)
at DataDriven.dataprovider.dp(dataprovider.java:39)
at DataDriven.dataprovider.dp(dataprovider.java:39)
at DataDriven.dataprovider.dp(dataprovider.java:39)
at DataDriven.dataprovider.dp(dataprovider.java:39)
at DataDriven.dataprovider.dp(dataprovider.java:39)
at DataDriven.dataprovider.dp(dataprovider.java:39)
at DataDriven.dataprovider.dp(dataprovider.java:39)
at DataDriven.dataprovider.dp(dataprovider.java:39)
at DataDriven.dataprovider.dp(dataprovider.java:39)
at DataDriven.dataprovider.dp(dataprovider.java:39)
at DataDriven.dataprovider.dp(dataprovider.java:39)
at DataDriven.dataprovider.dp(dataprovider.java:39)
at DataDriven.dataprovider.dp(dataprovider.java:39)
at DataDriven.dataprovider.dp(dataprovider.java:39)
at DataDriven.dataprovider.dp(dataprovider.java:39)
at DataDriven.dataprovider.dp(dataprovider.java:39)
at DataDriven.dataprovider.dp(dataprovider.java:39)
at DataDriven.dataprovider.dp(dataprovider.java:39)
at DataDriven.dataprovider.dp(dataprovider.java:39)
at DataDriven.dataprovider.dp(dataprovider.java:39)
at DataDriven.dataprovider.dp(dataprovider.java:39)
at DataDriven.dataprovider.dp(dataprovider.java:39)
at DataDriven.dataprovider.dp(dataprovider.java:39)
at DataDriven.dataprovider.dp(dataprovider.java:39)
at DataDriven.dataprovider.dp(dataprovider.java:39)
at DataDriven.dataprovider.dp(dataprovider.java:39)
at DataDriven.dataprovider.dp(dataprovider.java:39)
at DataDriven.dataprovider.dp(dataprovider.java:39)
at DataDriven.dataprovider.dp(dataprovider.java:39)
at DataDriven.dataprovider.dp(dataprovider.java:39)
at DataDriven.dataprovider.dp(dataprovider.java:39)
at DataDriven.dataprovider.dp(dataprovider.java:39)
at DataDriven.dataprovider.dp(dataprovider.java:39)
at DataDriven.dataprovider.dp(dataprovider.java:39)
at DataDriven.dataprovider.dp(dataprovider.java:39)
at DataDriven.dataprovider.dp(dataprovider.java:39)
at DataDriven.dataprovider.dp(dataprovider.java:39)
at DataDriven.dataprovider.dp(dataprovider.java:39)
at DataDriven.dataprovider.dp(dataprovider.java:39)
at DataDriven.dataprovider.dp(dataprovider.java:39)
at DataDriven.dataprovider.dp(dataprovider.java:39)
at DataDriven.dataprovider.dp(dataprovider.java:39)
at DataDriven.dataprovider.dp(dataprovider.java:39)
at DataDriven.dataprovider.dp(dataprovider.java:39)
at DataDriven.dataprovider.dp(dataprovider.java:39)
at DataDriven.dataprovider.dp(dataprovider.java:39)
at DataDriven.dataprovider.dp(dataprovider.java:39)
at DataDriven.dataprovider.dp(dataprovider.java:39)
at DataDriven.dataprovider.dp(dataprovider.java:39)
at DataDriven.dataprovider.dp(dataprovider.java:39)
at DataDriven.dataprovider.dp(dataprovider.java:39)
at DataDriven.dataprovider.dp(dataprovider.java:39)
at DataDriven.dataprovider.dp(dataprovider.java:39)
at DataDriven.dataprovider.dp(dataprovider.java:39)
at DataDriven.dataprovider.dp(dataprovider.java:39)
at DataDriven.dataprovider.dp(dataprovider.java:39)
at DataDriven.dataprovider.dp(dataprovider.java:39)
at DataDriven.dataprovider.dp(dataprovider.java:39)
at DataDriven.dataprovider.dp(dataprovider.java:39)
at DataDriven.dataprovider.dp(dataprovider.java:39)
at DataDriven.dataprovider.dp(dataprovider.java:39)
at DataDriven.dataprovider.dp(dataprovider.java:39)
at DataDriven.dataprovider.dp(dataprovider.java:39)
at DataDriven.dataprovider.dp(dataprovider.java:39)
at DataDriven.dataprovider.dp(dataprovider.java:39)
at DataDriven.dataprovider.dp(dataprovider.java:39)
at DataDriven.dataprovider.dp(dataprovider.java:39)
at DataDriven.dataprovider.dp(dataprovider.java:39)
at DataDriven.dataprovider.dp(dataprovider.java:39)
at DataDriven.dataprovider.dp(dataprovider.java:39)
at DataDriven.dataprovider.dp(dataprovider.java:39)
at DataDriven.dataprovider.dp(dataprovider.java:39)
at DataDriven.dataprovider.dp(dataprovider.java:39)
at DataDriven.dataprovider.dp(dataprovider.java:39)
at DataDriven.dataprovider.dp(dataprovider.java:39)
at DataDriven.dataprovider.dp(dataprovider.java:39)
at DataDriven.dataprovider.dp(dataprovider.java:39)
at DataDriven.dataprovider.dp(dataprovider.java:39)
at DataDriven.dataprovider.dp(dataprovider.java:39)
at DataDriven.dataprovider.dp(dataprovider.java:39)
at DataDriven.dataprovider.dp(dataprovider.java:39)
at DataDriven.dataprovider.dp(dataprovider.java:39)
at DataDriven.dataprovider.dp(dataprovider.java:39)
at DataDriven.dataprovider.dp(dataprovider.java:39)
at DataDriven.dataprovider.dp(dataprovider.java:39)
at DataDriven.dataprovider.dp(dataprovider.java:39)
at DataDriven.dataprovider.dp(dataprovider.java:39)
at DataDriven.dataprovider.dp(dataprovider.java:39)
at DataDriven.dataprovider.dp(dataprovider.java:39)
at DataDriven.dataprovider.dp(dataprovider.java:39)
at DataDriven.dataprovider.dp(dataprovider.java:39)
at DataDriven.dataprovider.dp(dataprovider.java:39)
at DataDriven.dataprovider.dp(dataprovider.java:39)
at DataDriven.dataprovider.dp(dataprovider.java:39)
at DataDriven.dataprovider.dp(dataprovider.java:39)
at DataDriven.dataprovider.dp(dataprovider.java:39)
at DataDriven.dataprovider.dp(dataprovider.java:39)
at DataDriven.dataprovider.dp(dataprovider.java:39)
at DataDriven.dataprovider.dp(dataprovider.java:39)
at DataDriven.dataprovider.dp(dataprovider.java:39)
at DataDriven.dataprovider.dp(dataprovider.java:39)
at DataDriven.dataprovider.dp(dataprovider.java:39)
at DataDriven.dataprovider.dp(dataprovider.java:39)
at DataDriven.dataprovider.dp(dataprovider.java:39)
at DataDriven.dataprovider.dp(dataprovider.java:39)
at DataDriven.dataprovider.dp(dataprovider.java:39)
at DataDriven.dataprovider.dp(dataprovider.java:39)
at DataDriven.dataprovider.dp(dataprovider.java:39)
at DataDriven.dataprovider.dp(dataprovider.java:39)
at DataDriven.dataprovider.dp(dataprovider.java:39)
at DataDriven.dataprovider.dp(dataprovider.java:39)
at DataDriven.dataprovider.dp(dataprovider.java:39)
at DataDriven.dataprovider.dp(dataprovider.java:39)
at DataDriven.dataprovider.dp(dataprovider.java:39)
at DataDriven.dataprovider.dp(dataprovider.java:39)
at DataDriven.dataprovider.dp(dataprovider.java:39)
at DataDriven.dataprovider.dp(dataprovider.java:39)
at DataDriven.dataprovider.dp(dataprovider.java:39)
at DataDriven.dataprovider.dp(dataprovider.java:39)
at DataDriven.dataprovider.dp(dataprovider.java:39)
at DataDriven.dataprovider.dp(dataprovider.java:39)
at DataDriven.dataprovider.dp(dataprovider.java:39)
at DataDriven.dataprovider.dp(dataprovider.java:39)
at DataDriven.dataprovider.dp(dataprovider.java:39)
at DataDriven.dataprovider.dp(dataprovider.java:39)
at DataDriven.dataprovider.dp(dataprovider.java:39)
at DataDriven.dataprovider.dp(dataprovider.java:39)
at DataDriven.dataprovider.dp(dataprovider.java:39)
at DataDriven.dataprovider.dp(dataprovider.java:39)
at DataDriven.dataprovider.dp(dataprovider.java:39)
at DataDriven.dataprovider.dp(dataprovider.java:39)
at DataDriven.dataprovider.dp(dataprovider.java:39)
at DataDriven.dataprovider.dp(dataprovider.java:39)
at DataDriven.dataprovider.dp(dataprovider.java:39)
at DataDriven.dataprovider.dp(dataprovider.java:39)
at DataDriven.dataprovider.dp(dataprovider.java:39)
at DataDriven.dataprovider.dp(dataprovider.java:39)
at DataDriven.dataprovider.dp(dataprovider.java:39)
at DataDriven.dataprovider.dp(dataprovider.java:39)
at DataDriven.dataprovider.dp(dataprovider.java:39)
at DataDriven.dataprovider.dp(dataprovider.java:39)
at DataDriven.dataprovider.dp(dataprovider.java:39)
at DataDriven.dataprovider.dp(dataprovider.java:39)
at DataDriven.dataprovider.dp(dataprovider.java:39)
at DataDriven.dataprovider.dp(dataprovider.java:39)
at DataDriven.dataprovider.dp(dataprovider.java:39)
at DataDriven.dataprovider.dp(dataprovider.java:39)
at DataDriven.dataprovider.dp(dataprovider.java:39)
at DataDriven.dataprovider.dp(dataprovider.java:39)
at DataDriven.dataprovider.dp(dataprovider.java:39)
at DataDriven.dataprovider.dp(dataprovider.java:39)
at DataDriven.dataprovider.dp(dataprovider.java:39)
at DataDriven.dataprovider.dp(dataprovider.java:39)
at DataDriven.dataprovider.dp(dataprovider.java:39)
at DataDriven.dataprovider.dp(dataprovider.java:39)
at DataDriven.dataprovider.dp(dataprovider.java:39)
at DataDriven.dataprovider.dp(dataprovider.java:39)
at DataDriven.dataprovider.dp(dataprovider.java:39)
at DataDriven.dataprovider.dp(dataprovider.java:39)
at DataDriven.dataprovider.dp(dataprovider.java:39)
at DataDriven.dataprovider.dp(dataprovider.java:39)
at DataDriven.dataprovider.dp(dataprovider.java:39)
at DataDriven.dataprovider.dp(dataprovider.java:39)
at DataDriven.dataprovider.dp(dataprovider.java:39)
at DataDriven.dataprovider.dp(dataprovider.java:39)
at DataDriven.dataprovider.dp(dataprovider.java:39)
at DataDriven.dataprovider.dp(dataprovider.java:39)
at DataDriven.dataprovider.dp(dataprovider.java:39)
at DataDriven.dataprovider.dp(dataprovider.java:39)
at DataDriven.dataprovider.dp(dataprovider.java:39)
at DataDriven.dataprovider.dp(dataprovider.java:39)
at DataDriven.dataprovider.dp(dataprovider.java:39)
at DataDriven.dataprovider.dp(dataprovider.java:39)
at DataDriven.dataprovider.dp(dataprovider.java:39)
at DataDriven.dataprovider.dp(dataprovider.java:39)
at DataDriven.dataprovider.dp(dataprovider.java:39)
at DataDriven.dataprovider.dp(dataprovider.java:39)
at DataDriven.dataprovider.dp(dataprovider.java:39)
at DataDriven.dataprovider.dp(dataprovider.java:39)
at DataDriven.dataprovider.dp(dataprovider.java:39)
at DataDriven.dataprovider.dp(dataprovider.java:39)
at DataDriven.dataprovider.dp(dataprovider.java:39)
at DataDriven.dataprovider.dp(dataprovider.java:39)
at DataDriven.dataprovider.dp(dataprovider.java:39)
at DataDriven.dataprovider.dp(dataprovider.java:39)
at DataDriven.dataprovider.dp(dataprovider.java:39)
at DataDriven.dataprovider.dp(dataprovider.java:39)
at DataDriven.dataprovider.dp(dataprovider.java:39)
at DataDriven.dataprovider.dp(dataprovider.java:39)
at DataDriven.dataprovider.dp(dataprovider.java:39)
at DataDriven.dataprovider.dp(dataprovider.java:39)
at DataDriven.dataprovider.dp(dataprovider.java:39)
at DataDriven.dataprovider.dp(dataprovider.java:39)
at DataDriven.dataprovider.dp(dataprovider.java:39)
at DataDriven.dataprovider.dp(dataprovider.java:39)
at DataDriven.dataprovider.dp(dataprovider.java:39)
at DataDriven.dataprovider.dp(dataprovider.java:39)
at DataDriven.dataprovider.dp(dataprovider.java:39)
at DataDriven.dataprovider.dp(dataprovider.java:39)
at DataDriven.dataprovider.dp(dataprovider.java:39)
at DataDriven.dataprovider.dp(dataprovider.java:39)
at DataDriven.dataprovider.dp(dataprovider.java:39)
at DataDriven.dataprovider.dp(dataprovider.java:39)
at DataDriven.dataprovider.dp(dataprovider.java:39)
at DataDriven.dataprovider.dp(dataprovider.java:39)
at DataDriven.dataprovider.dp(dataprovider.java:39)
at DataDriven.dataprovider.dp(dataprovider.java:39)
at DataDriven.dataprovider.dp(dataprovider.java:39)
at DataDriven.dataprovider.dp(dataprovider.java:39)
at DataDriven.dataprovider.dp(dataprovider.java:39)
at DataDriven.dataprovider.dp(dataprovider.java:39)
at DataDriven.dataprovider.dp(dataprovider.java:39)
at DataDriven.dataprovider.dp(dataprovider.java:39)
at DataDriven.dataprovider.dp(dataprovider.java:39)
at DataDriven.dataprovider.dp(dataprovider.java:39)
at DataDriven.dataprovider.dp(dataprovider.java:39)
at DataDriven.dataprovider.dp(dataprovider.java:39)
at DataDriven.dataprovider.dp(dataprovider.java:39)
at DataDriven.dataprovider.dp(dataprovider.java:39)
at DataDriven.dataprovider.dp(dataprovider.java:39)
at DataDriven.dataprovider.dp(dataprovider.java:39)
at DataDriven.dataprovider.dp(dataprovider.java:39)
at DataDriven.dataprovider.dp(dataprovider.java:39)
at DataDriven.dataprovider.dp(dataprovider.java:39)
at DataDriven.dataprovider.dp(dataprovider.java:39)
at DataDriven.dataprovider.dp(dataprovider.java:39)
at DataDriven.dataprovider.dp(dataprovider.java:39)
at DataDriven.dataprovider.dp(dataprovider.java:39)
at DataDriven.dataprovider.dp(dataprovider.java:39)
at DataDriven.dataprovider.dp(dataprovider.java:39)
at DataDriven.dataprovider.dp(dataprovider.java:39)
at DataDriven.dataprovider.dp(dataprovider.java:39)
at DataDriven.dataprovider.dp(dataprovider.java:39)
at DataDriven.dataprovider.dp(dataprovider.java:39)
at DataDriven.dataprovider.dp(dataprovider.java:39)
at DataDriven.dataprovider.dp(dataprovider.java:39)
at DataDriven.dataprovider.dp(dataprovider.java:39)
at DataDriven.dataprovider.dp(dataprovider.java:39)
at DataDriven.dataprovider.dp(dataprovider.java:39)
at DataDriven.dataprovider.dp(dataprovider.java:39)
at DataDriven.dataprovider.dp(dataprovider.java:39)
at DataDriven.dataprovider.dp(dataprovider.java:39)
at DataDriven.dataprovider.dp(dataprovider.java:39)
at DataDriven.dataprovider.dp(dataprovider.java:39)
at DataDriven.dataprovider.dp(dataprovider.java:39)
at DataDriven.dataprovider.dp(dataprovider.java:39)
at DataDriven.dataprovider.dp(dataprovider.java:39)
at DataDriven.dataprovider.dp(dataprovider.java:39)
at DataDriven.dataprovider.dp(dataprovider.java:39)
at DataDriven.dataprovider.dp(dataprovider.java:39)
at DataDriven.dataprovider.dp(dataprovider.java:39)
Caused by: java.lang.RuntimeException: Provider for class javax.xml.parsers.SAXParserFactory cannot be created
at java.xml/javax.xml.parsers.FactoryFinder.findServiceProvider(FactoryFinder.java:302)
... 1023 more
Caused by: java.util.ServiceConfigurationError: javax.xml.parsers.SAXParserFactory: org.apache.xerces.jaxp.SAXParserFactoryImpl Unable to get public no-arg constructor
at java.base/java.util.ServiceLoader.fail(ServiceLoader.java:581)
at java.base/java.util.ServiceLoader.getConstructor(ServiceLoader.java:672)
at java.base/java.util.ServiceLoader$LazyClassPathLookupIterator.hasNextService(ServiceLoader.java:1232)
at java.base/java.util.ServiceLoader$LazyClassPathLookupIterator.hasNext(ServiceLoader.java:1264)
at java.base/java.util.ServiceLoader$2.hasNext(ServiceLoader.java:1299)
at java.base/java.util.ServiceLoader$3.hasNext(ServiceLoader.java:1384)
at java.xml/javax.xml.parsers.FactoryFinder$1.run(FactoryFinder.java:287)
at java.base/java.security.AccessController.doPrivileged(Native Method)
at java.xml/javax.xml.parsers.FactoryFinder.findServiceProvider(FactoryFinder.java:283)
at java.xml/javax.xml.parsers.FactoryFinder.find(FactoryFinder.java:261)
at java.xml/javax.xml.parsers.SAXParserFactory.newInstance(SAXParserFactory.java:147)
at org.apache.xmlbeans.impl.common.SAXHelper.saxFactory(SAXHelper.java:66)
at org.apache.xmlbeans.impl.common.SAXHelper.newXMLReader(SAXHelper.java:46)
at org.apache.xmlbeans.impl.store.Locale.getSaxLoader(Locale.java:3066)
at org.apache.xmlbeans.impl.store.Locale.parseToXmlObject(Locale.java:1272)
at org.apache.xmlbeans.impl.store.Locale.parseToXmlObject(Locale.java:1259)
at org.apache.xmlbeans.impl.schema.SchemaTypeLoaderBase.parse(SchemaTypeLoaderBase.java:345)
at org.openxmlformats.schemas.spreadsheetml.x2006.main.WorksheetDocument$Factory.parse(Unknown Source)
at org.apache.poi.xssf.usermodel.XSSFSheet.read(XSSFSheet.java:226)
at org.apache.poi.xssf.usermodel.XSSFSheet.onDocumentRead(XSSFSheet.java:218)
at org.apache.poi.xssf.usermodel.XSSFWorkbook.parseSheet(XSSFWorkbook.java:448)
at org.apache.poi.xssf.usermodel.XSSFWorkbook.onDocumentRead(XSSFWorkbook.java:413)
at org.apache.poi.ooxml.POIXMLDocument.load(POIXMLDocument.java:184)
at org.apache.poi.xssf.usermodel.XSSFWorkbook.<init>(XSSFWorkbook.java:282)
at org.apache.poi.xssf.usermodel.XSSFWorkbook.<init>(XSSFWorkbook.java:303)
at DataDriven.dataprovider.dp(dataprovider.java:33)
... 998 more
Caused by: java.lang.StackOverflowError
at java.base/java.security.AccessController.doPrivileged(Native Method)
at java.base/java.util.ServiceLoader.getConstructor(ServiceLoader.java:667)
... 1022 more
]]>
    </failure>
  </testcase> <!-- tc_1 -->
</testsuite> <!-- Default test -->
