<?xml version="1.0" encoding="UTF-8"?>
<testng-results ignored="0" total="1" passed="1" failed="0" skipped="0">
  <reporter-output>
  </reporter-output>
  <suite started-at="2020-02-06T06:07:22Z" name="Command line suite" finished-at="2020-02-06T06:08:22Z" duration-ms="60244">
    <groups>
    </groups>
    <test started-at="2020-02-06T06:07:22Z" name="Command line test" finished-at="2020-02-06T06:08:22Z" duration-ms="60244">
      <class name="DataDriven.change_password">
        <test-method is-config="true" signature="suite()[pri:0, instance:DataDriven.change_password@458c1321]" started-at="2020-02-06T06:07:21Z" name="suite" finished-at="2020-02-06T06:07:22Z" duration-ms="877" status="PASS">
          <reporter-output>
          </reporter-output>
        </test-method> <!-- suite -->
        <test-method is-config="true" signature="browser()[pri:0, instance:DataDriven.change_password@458c1321]" started-at="2020-02-06T06:07:22Z" name="browser" finished-at="2020-02-06T06:07:36Z" duration-ms="14219" status="PASS">
          <reporter-output>
          </reporter-output>
        </test-method> <!-- browser -->
        <test-method signature="tc_1()[pri:0, instance:DataDriven.change_password@458c1321]" started-at="2020-02-06T06:07:36Z" name="tc_1" finished-at="2020-02-06T06:08:19Z" duration-ms="42873" status="PASS">
          <reporter-output>
          </reporter-output>
        </test-method> <!-- tc_1 -->
        <test-method is-config="true" signature="endtest(org.testng.ITestResult)[pri:0, instance:DataDriven.change_password@458c1321]" started-at="2020-02-06T06:08:19Z" name="endtest" finished-at="2020-02-06T06:08:22Z" duration-ms="2942" status="PASS">
          <params>
            <param index="0">
              <value>
                <![CDATA[[TestResult name=tc_1 status=SUCCESS method=change_password.tc_1()[pri:0, instance:DataDriven.change_password@458c1321] output={null}]]]>
              </value>
            </param>
          </params>
          <reporter-output>
          </reporter-output>
        </test-method> <!-- endtest -->
        <test-method is-config="true" signature="afterSuite()[pri:0, instance:DataDriven.change_password@458c1321]" started-at="2020-02-06T06:08:23Z" name="afterSuite" finished-at="2020-02-06T06:08:25Z" duration-ms="2151" status="PASS">
          <reporter-output>
          </reporter-output>
        </test-method> <!-- afterSuite -->
      </class> <!-- DataDriven.change_password -->
    </test> <!-- Command line test -->
  </suite> <!-- Command line suite -->
</testng-results>
